<?xml version="1.0" encoding="UTF-8"?>
<testng-results ignored="0" total="1" passed="1" failed="0" skipped="0">
  <reporter-output>
  </reporter-output>
  <suite started-at="2022-07-07T23:25:43 ART" name="Default suite" finished-at="2022-07-07T23:25:43 ART" duration-ms="59">
    <groups>
    </groups>
    <test started-at="2022-07-07T23:25:43 ART" name="Default test" finished-at="2022-07-07T23:25:43 ART" duration-ms="59">
      <class name="Edit.NuevoExcel.AppTest">
        <test-method signature="shouldAnswerWithTrue()[pri:0, instance:Edit.NuevoExcel.AppTest@654f0d9c]" started-at="2022-07-07T23:25:43 ART" name="shouldAnswerWithTrue" finished-at="2022-07-07T23:25:43 ART" duration-ms="14" status="PASS">
          <reporter-output>
          </reporter-output>
        </test-method> <!-- shouldAnswerWithTrue -->
      </class> <!-- Edit.NuevoExcel.AppTest -->
    </test> <!-- Default test -->
  </suite> <!-- Default suite -->
</testng-results>
