<?xml version="1.0" encoding="UTF-8"?>
<testng-results ignored="0" total="1" passed="1" failed="0" skipped="0">
  <reporter-output>
  </reporter-output>
  <suite started-at="2022-06-24T21:47:16 ART" name="Default suite" finished-at="2022-06-24T21:47:18 ART" duration-ms="2143">
    <groups>
    </groups>
    <test started-at="2022-06-24T21:47:16 ART" name="Default test" finished-at="2022-06-24T21:47:18 ART" duration-ms="2143">
      <class name="Prueba.AutomationPracticeTest">
        <test-method is-config="true" signature="abrirPagina()[pri:0, instance:Prueba.AutomationPracticeTest@4efbca5a]" started-at="2022-06-24T21:47:07 ART" name="abrirPagina" finished-at="2022-06-24T21:47:16 ART" duration-ms="8942" status="PASS">
          <reporter-output>
          </reporter-output>
        </test-method> <!-- abrirPagina -->
        <test-method signature="buscarPalabra()[pri:0, instance:Prueba.AutomationPracticeTest@4efbca5a]" started-at="2022-06-24T21:47:16 ART" name="buscarPalabra" finished-at="2022-06-24T21:47:18 ART" duration-ms="2056" status="PASS">
          <reporter-output>
          </reporter-output>
        </test-method> <!-- buscarPalabra -->
      </class> <!-- Prueba.AutomationPracticeTest -->
    </test> <!-- Default test -->
  </suite> <!-- Default suite -->
</testng-results>
