<?xml version="1.0" encoding="UTF-8"?>
<!-- Generated by org.testng.reporters.JUnitXMLReporter -->
<testsuite ignored="0" hostname="NTK2032" failures="0" tests="5" name="Default test" time="1.918" errors="0" timestamp="2022-06-27T17:59:25 ART">
  <testcase classname="Pruebas.SauceDemoTest" name="ingresar" time="0.478"/>
  <testcase classname="Pruebas.SauceDemoTest" name="generarOrden" time="0.407"/>
  <testcase classname="Pruebas.SauceDemoTest" name="irAPagar" time="0.117"/>
  <testcase classname="Pruebas.SauceDemoTest" name="DatosPago" time="0.494"/>
  <testcase classname="Pruebas.SauceDemoTest" name="salirDePagina" time="0.277"/>
</testsuite> <!-- Default test -->
